Loading net-file from '7\../../bath.net.xml' ... done (101ms).
Warning: Unused states in tlLogic 'cluster_1070601793_1070601814_4316723365_5364217784', program '0' in phase 0 after tl-index 3
Warning: Unused states in tlLogic 'cluster_3577030724_3577030726_3577030733', program '0' in phase 0 after tl-index 2
Warning: Unused states in tlLogic 'cluster_443914196_4910563205_4910563207_7846562043', program '0' in phase 0 after tl-index 3
Loading additional-files from '7\dua_dump_007.add.xml' ... done (8ms).
Loading done.
Simulation version 1.10.0 started with time: 0.00
Warning: Teleporting vehicle '2988'; waited too long (wrong lane), lane='8769305_0', time=3361.00.
Warning: Teleporting vehicle '2922'; waited too long (wrong lane), lane='8769305_1', time=3361.00.
Warning: Vehicle '2922' ends teleporting on edge '32751327', time 3361.00.
Warning: Vehicle '2988' ends teleporting on edge '-4231711', time 3361.00.
Simulation ended at time: 3937.00
Reason: All vehicles have left the simulation.
Performance: 
 Duration: 7.49s
 Real time factor: 525.775
 UPS: 84608.840812
Vehicles: 
 Inserted: 3600
 Running: 0
 Waiting: 0
Teleports: 2 (Wrong Lane: 2)

