Loading net-file from '1\../../bath.net.xml' ... done (104ms).
Warning: Unused states in tlLogic 'cluster_1070601793_1070601814_4316723365_5364217784', program '0' in phase 0 after tl-index 3
Warning: Unused states in tlLogic 'cluster_3577030724_3577030726_3577030733', program '0' in phase 0 after tl-index 2
Warning: Unused states in tlLogic 'cluster_443914196_4910563205_4910563207_7846562043', program '0' in phase 0 after tl-index 3
Loading additional-files from '1\dua_dump_001.add.xml' ... done (7ms).
Loading done.
Simulation version 1.10.0 started with time: 0.00
Warning: Teleporting vehicle '673'; waited too long (wrong lane), lane='8769305_1', time=1246.00.
Warning: Teleporting vehicle '939'; waited too long (wrong lane), lane='8769305_0', time=1246.00.
Warning: Vehicle '673' ends teleporting on edge '32751327', time 1246.00.
Warning: Vehicle '939' ends teleporting on edge '-4231711', time 1246.00.
Warning: Teleporting vehicle '833'; waited too long (yield), lane='39333941#4_0', time=1251.00.
Warning: Vehicle '833' ends teleporting on edge '8769305', time 1252.00.
Simulation ended at time: 3969.00
Reason: All vehicles have left the simulation.
Performance: 
 Duration: 7.62s
 Real time factor: 520.593
 UPS: 84079.616999
Vehicles: 
 Inserted: 3600
 Running: 0
 Waiting: 0
Teleports: 3 (Yield: 1, Wrong Lane: 2)

