Loading net-file from '4\../../bath.net.xml' ... done (106ms).
Warning: Unused states in tlLogic 'cluster_1070601793_1070601814_4316723365_5364217784', program '0' in phase 0 after tl-index 3
Warning: Unused states in tlLogic 'cluster_3577030724_3577030726_3577030733', program '0' in phase 0 after tl-index 2
Warning: Unused states in tlLogic 'cluster_443914196_4910563205_4910563207_7846562043', program '0' in phase 0 after tl-index 3
Loading additional-files from '4\dua_dump_004.add.xml' ... done (8ms).
Loading done.
Simulation version 1.10.0 started with time: 0.00
Warning: Teleporting vehicle '2236'; waited too long (wrong lane), lane='8769305_0', time=2678.00.
Warning: Vehicle '2236' ends teleporting on edge '-4231711', time 2678.00.
Simulation ended at time: 3897.00
Reason: All vehicles have left the simulation.
Performance: 
 Duration: 7.70s
 Real time factor: 506.038
 UPS: 85359.823400
Vehicles: 
 Inserted: 3600
 Running: 0
 Waiting: 0
Teleports: 1 (Wrong Lane: 1)

