-------------------------------------------------------------------------------
['D:\\Program Files\\SUMO\\bin\\duarouter', '-c', '0/iteration_000_basicTrips.duarcfg']
Loading configuration ... done.
Success.
-------------------------------------------------------------------------------
['D:\\Program Files\\SUMO\\bin\\sumo', '-c', '0\\iteration_000.sumocfg']
Loading configuration ... done.
Loading net-file from '0\../../bath.net.xml' ... done (219ms).
Warning: Unused states in tlLogic 'cluster_1070601793_1070601814_4316723365_5364217784', program '0' in phase 0 after tl-index 3
Warning: Unused states in tlLogic 'cluster_3577030724_3577030726_3577030733', program '0' in phase 0 after tl-index 2
Warning: Unused states in tlLogic 'cluster_443914196_4910563205_4910563207_7846562043', program '0' in phase 0 after tl-index 3
Loading additional-files from '0\dua_dump_000.add.xml' ... done (12ms).
Loading done.
Simulation version 1.10.0 started with time: 0.00
Simulation ended at time: 3904.00
Reason: All vehicles have left the simulation.
Performance: 
 Duration: 13.85s
 Real time factor: 281.918
 UPS: 44088.749278
Vehicles: 
 Inserted: 3600
 Running: 0
 Waiting: 0

-------------------------------------------------------------------------------
['D:\\Program Files\\SUMO\\bin\\duarouter', '-c', '1/iteration_001_basicTrips_000.duarcfg']
Loading configuration ... done.
Warning: No interval matches passed time 19.70 in edge '2956761'.
 Using edge's length / max speed.
Success.
-------------------------------------------------------------------------------
['D:\\Program Files\\SUMO\\bin\\sumo', '-c', '1\\iteration_001.sumocfg']
Loading configuration ... done.
Loading net-file from '1\../../bath.net.xml' ... done (193ms).
Warning: Unused states in tlLogic 'cluster_1070601793_1070601814_4316723365_5364217784', program '0' in phase 0 after tl-index 3
Warning: Unused states in tlLogic 'cluster_3577030724_3577030726_3577030733', program '0' in phase 0 after tl-index 2
Warning: Unused states in tlLogic 'cluster_443914196_4910563205_4910563207_7846562043', program '0' in phase 0 after tl-index 3
Loading additional-files from '1\dua_dump_001.add.xml' ... done (22ms).
Loading done.
Simulation version 1.10.0 started with time: 0.00
Simulation ended at time: 3903.00
Reason: All vehicles have left the simulation.
Performance: 
 Duration: 15.72s
 Real time factor: 248.361
 UPS: 38336.048361
Vehicles: 
 Inserted: 3600
 Running: 0
 Waiting: 0

-------------------------------------------------------------------------------
['D:\\Program Files\\SUMO\\bin\\duarouter', '-c', '2/iteration_002_basicTrips_001.duarcfg']
Loading configuration ... done.
Warning: No interval matches passed time 19.74 in edge '2956761'.
 Using edge's length / max speed.
Success.
-------------------------------------------------------------------------------
['D:\\Program Files\\SUMO\\bin\\sumo', '-c', '2\\iteration_002.sumocfg']
Loading configuration ... done.
Loading net-file from '2\../../bath.net.xml' ... done (193ms).
Warning: Unused states in tlLogic 'cluster_1070601793_1070601814_4316723365_5364217784', program '0' in phase 0 after tl-index 3
Warning: Unused states in tlLogic 'cluster_3577030724_3577030726_3577030733', program '0' in phase 0 after tl-index 2
Warning: Unused states in tlLogic 'cluster_443914196_4910563205_4910563207_7846562043', program '0' in phase 0 after tl-index 3
Loading additional-files from '2\dua_dump_002.add.xml' ... done (15ms).
Loading done.
Simulation version 1.10.0 started with time: 0.00
Simulation ended at time: 3892.00
Reason: All vehicles have left the simulation.
Performance: 
 Duration: 16.32s
 Real time factor: 238.437
 UPS: 36904.184280
Vehicles: 
 Inserted: 3600
 Running: 0
 Waiting: 0

-------------------------------------------------------------------------------
['D:\\Program Files\\SUMO\\bin\\duarouter', '-c', '3/iteration_003_basicTrips_002.duarcfg']
Loading configuration ... done.
Warning: No interval matches passed time 19.97 in edge '2956761'.
 Using edge's length / max speed.
Success.
-------------------------------------------------------------------------------
['D:\\Program Files\\SUMO\\bin\\sumo', '-c', '3\\iteration_003.sumocfg']
Loading configuration ... done.
Loading net-file from '3\../../bath.net.xml' ... done (205ms).
Warning: Unused states in tlLogic 'cluster_1070601793_1070601814_4316723365_5364217784', program '0' in phase 0 after tl-index 3
Warning: Unused states in tlLogic 'cluster_3577030724_3577030726_3577030733', program '0' in phase 0 after tl-index 2
Warning: Unused states in tlLogic 'cluster_443914196_4910563205_4910563207_7846562043', program '0' in phase 0 after tl-index 3
Loading additional-files from '3\dua_dump_003.add.xml' ... done (12ms).
Loading done.
Simulation version 1.10.0 started with time: 0.00
Simulation ended at time: 3910.00
Reason: All vehicles have left the simulation.
Performance: 
 Duration: 16.40s
 Real time factor: 238.473
 UPS: 36630.946572
Vehicles: 
 Inserted: 3600
 Running: 0
 Waiting: 0

-------------------------------------------------------------------------------
['D:\\Program Files\\SUMO\\bin\\duarouter', '-c', '4/iteration_004_basicTrips_003.duarcfg']
Loading configuration ... done.
Warning: No interval matches passed time 19.87 in edge '2956761'.
 Using edge's length / max speed.
Success.
-------------------------------------------------------------------------------
['D:\\Program Files\\SUMO\\bin\\sumo', '-c', '4\\iteration_004.sumocfg']
Loading configuration ... done.
Loading net-file from '4\../../bath.net.xml' ... done (247ms).
Warning: Unused states in tlLogic 'cluster_1070601793_1070601814_4316723365_5364217784', program '0' in phase 0 after tl-index 3
Warning: Unused states in tlLogic 'cluster_3577030724_3577030726_3577030733', program '0' in phase 0 after tl-index 2
Warning: Unused states in tlLogic 'cluster_443914196_4910563205_4910563207_7846562043', program '0' in phase 0 after tl-index 3
Loading additional-files from '4\dua_dump_004.add.xml' ... done (14ms).
Loading done.
Simulation version 1.10.0 started with time: 0.00
Warning: Teleporting vehicle '2214'; waited too long (wrong lane), lane='8769305_1', time=2728.00.
Warning: Teleporting vehicle '2191'; waited too long (wrong lane), lane='8769305_0', time=2728.00.
Warning: Vehicle '2191' ends teleporting on edge '-4231711', time 2728.00.
Warning: Vehicle '2214' ends teleporting on edge '32751327', time 2728.00.
Simulation ended at time: 3900.00
Reason: All vehicles have left the simulation.
Performance: 
 Duration: 15.52s
 Real time factor: 251.289
 UPS: 39600.902062
Vehicles: 
 Inserted: 3600
 Running: 0
 Waiting: 0
Teleports: 2 (Wrong Lane: 2)

-------------------------------------------------------------------------------
['D:\\Program Files\\SUMO\\bin\\duarouter', '-c', '5/iteration_005_basicTrips_004.duarcfg']
Loading configuration ... done.
Warning: No interval matches passed time 19.87 in edge '2956761'.
 Using edge's length / max speed.
Success.
-------------------------------------------------------------------------------
['D:\\Program Files\\SUMO\\bin\\sumo', '-c', '5\\iteration_005.sumocfg']
Loading configuration ... done.
Loading net-file from '5\../../bath.net.xml' ... done (212ms).
Warning: Unused states in tlLogic 'cluster_1070601793_1070601814_4316723365_5364217784', program '0' in phase 0 after tl-index 3
Warning: Unused states in tlLogic 'cluster_3577030724_3577030726_3577030733', program '0' in phase 0 after tl-index 2
Warning: Unused states in tlLogic 'cluster_443914196_4910563205_4910563207_7846562043', program '0' in phase 0 after tl-index 3
Loading additional-files from '5\dua_dump_005.add.xml' ... done (12ms).
Loading done.
Simulation version 1.10.0 started with time: 0.00
Simulation ended at time: 3885.00
Reason: All vehicles have left the simulation.
Performance: 
 Duration: 13.90s
 Real time factor: 279.557
 UPS: 43303.878535
Vehicles: 
 Inserted: 3600
 Running: 0
 Waiting: 0

-------------------------------------------------------------------------------
['D:\\Program Files\\SUMO\\bin\\duarouter', '-c', '6/iteration_006_basicTrips_005.duarcfg']
Loading configuration ... done.
Warning: No interval matches passed time 19.87 in edge '2956761'.
 Using edge's length / max speed.
Success.
-------------------------------------------------------------------------------
['D:\\Program Files\\SUMO\\bin\\sumo', '-c', '6\\iteration_006.sumocfg']
Loading configuration ... done.
Loading net-file from '6\../../bath.net.xml' ... done (222ms).
Warning: Unused states in tlLogic 'cluster_1070601793_1070601814_4316723365_5364217784', program '0' in phase 0 after tl-index 3
Warning: Unused states in tlLogic 'cluster_3577030724_3577030726_3577030733', program '0' in phase 0 after tl-index 2
Warning: Unused states in tlLogic 'cluster_443914196_4910563205_4910563207_7846562043', program '0' in phase 0 after tl-index 3
Loading additional-files from '6\dua_dump_006.add.xml' ... done (12ms).
Loading done.
Simulation version 1.10.0 started with time: 0.00
Simulation ended at time: 3927.00
Reason: All vehicles have left the simulation.
Performance: 
 Duration: 14.68s
 Real time factor: 267.452
 UPS: 40900.429068
Vehicles: 
 Inserted: 3600
 Running: 0
 Waiting: 0

-------------------------------------------------------------------------------
['D:\\Program Files\\SUMO\\bin\\duarouter', '-c', '7/iteration_007_basicTrips_006.duarcfg']
Loading configuration ... done.
Warning: No interval matches passed time 19.87 in edge '2956761'.
 Using edge's length / max speed.
Success.
-------------------------------------------------------------------------------
['D:\\Program Files\\SUMO\\bin\\sumo', '-c', '7\\iteration_007.sumocfg']
Loading configuration ... done.
Loading net-file from '7\../../bath.net.xml' ... done (240ms).
Warning: Unused states in tlLogic 'cluster_1070601793_1070601814_4316723365_5364217784', program '0' in phase 0 after tl-index 3
Warning: Unused states in tlLogic 'cluster_3577030724_3577030726_3577030733', program '0' in phase 0 after tl-index 2
Warning: Unused states in tlLogic 'cluster_443914196_4910563205_4910563207_7846562043', program '0' in phase 0 after tl-index 3
Loading additional-files from '7\dua_dump_007.add.xml' ... done (15ms).
Loading done.
Simulation version 1.10.0 started with time: 0.00
Warning: Teleporting vehicle '2191'; waited too long (wrong lane), lane='8769305_0', time=2688.00.
Warning: Vehicle '2191' ends teleporting on edge '-4231711', time 2688.00.
Warning: Vehicle '2875' performs emergency braking with decel=-9.00 wished=4.50 severity=1.00, time=3293.00.
Simulation ended at time: 3881.00
Reason: All vehicles have left the simulation.
Performance: 
 Duration: 14.03s
 Real time factor: 276.543
 UPS: 43358.344022
Vehicles: 
 Inserted: 3600
 Running: 0
 Waiting: 0
Teleports: 1 (Wrong Lane: 1)

-------------------------------------------------------------------------------
['D:\\Program Files\\SUMO\\bin\\duarouter', '-c', '8/iteration_008_basicTrips_007.duarcfg']
Loading configuration ... done.
Warning: No interval matches passed time 19.82 in edge '2956761'.
 Using edge's length / max speed.
Success.
-------------------------------------------------------------------------------
['D:\\Program Files\\SUMO\\bin\\sumo', '-c', '8\\iteration_008.sumocfg']
Loading configuration ... done.
Loading net-file from '8\../../bath.net.xml' ... done (266ms).
Warning: Unused states in tlLogic 'cluster_1070601793_1070601814_4316723365_5364217784', program '0' in phase 0 after tl-index 3
Warning: Unused states in tlLogic 'cluster_3577030724_3577030726_3577030733', program '0' in phase 0 after tl-index 2
Warning: Unused states in tlLogic 'cluster_443914196_4910563205_4910563207_7846562043', program '0' in phase 0 after tl-index 3
Loading additional-files from '8\dua_dump_008.add.xml' ... done (15ms).
Loading done.
Simulation version 1.10.0 started with time: 0.00
Simulation ended at time: 3888.00
Reason: All vehicles have left the simulation.
Performance: 
 Duration: 14.48s
 Real time factor: 268.434
 UPS: 41361.640431
Vehicles: 
 Inserted: 3600
 Running: 0
 Waiting: 0

-------------------------------------------------------------------------------
['D:\\Program Files\\SUMO\\bin\\duarouter', '-c', '9/iteration_009_basicTrips_008.duarcfg']
Loading configuration ... done.
Warning: No interval matches passed time 19.75 in edge '2956761'.
 Using edge's length / max speed.
Success.
-------------------------------------------------------------------------------
['D:\\Program Files\\SUMO\\bin\\sumo', '-c', '9\\iteration_009.sumocfg']
Loading configuration ... done.
Loading net-file from '9\../../bath.net.xml' ... done (175ms).
Warning: Unused states in tlLogic 'cluster_1070601793_1070601814_4316723365_5364217784', program '0' in phase 0 after tl-index 3
Warning: Unused states in tlLogic 'cluster_3577030724_3577030726_3577030733', program '0' in phase 0 after tl-index 2
Warning: Unused states in tlLogic 'cluster_443914196_4910563205_4910563207_7846562043', program '0' in phase 0 after tl-index 3
Loading additional-files from '9\dua_dump_009.add.xml' ... done (11ms).
Loading done.
Simulation version 1.10.0 started with time: 0.00
Simulation ended at time: 3897.00
Reason: All vehicles have left the simulation.
Performance: 
 Duration: 14.26s
 Real time factor: 273.32
 UPS: 42032.753542
Vehicles: 
 Inserted: 3600
 Running: 0
 Waiting: 0

-------------------------------------------------------------------------------
['D:\\Program Files\\SUMO\\bin\\duarouter', '-c', '10/iteration_010_basicTrips_009.duarcfg']
Loading configuration ... done.
Warning: No interval matches passed time 19.75 in edge '2956761'.
 Using edge's length / max speed.
Success.
-------------------------------------------------------------------------------
['D:\\Program Files\\SUMO\\bin\\sumo', '-c', '10\\iteration_010.sumocfg']
Loading configuration ... done.
Loading net-file from '10\../../bath.net.xml' ... done (224ms).
Warning: Unused states in tlLogic 'cluster_1070601793_1070601814_4316723365_5364217784', program '0' in phase 0 after tl-index 3
Warning: Unused states in tlLogic 'cluster_3577030724_3577030726_3577030733', program '0' in phase 0 after tl-index 2
Warning: Unused states in tlLogic 'cluster_443914196_4910563205_4910563207_7846562043', program '0' in phase 0 after tl-index 3
Loading additional-files from '10\dua_dump_010.add.xml' ... done (14ms).
Loading done.
Simulation version 1.10.0 started with time: 0.00
Simulation ended at time: 3879.00
Reason: All vehicles have left the simulation.
Performance: 
 Duration: 14.66s
 Real time factor: 264.543
 UPS: 40901.657232
Vehicles: 
 Inserted: 3600
 Running: 0
 Waiting: 0

-------------------------------------------------------------------------------
['D:\\Program Files\\SUMO\\bin\\duarouter', '-c', '11/iteration_011_basicTrips_010.duarcfg']
Loading configuration ... done.
Warning: No interval matches passed time 19.75 in edge '2956761'.
 Using edge's length / max speed.
Success.
-------------------------------------------------------------------------------
['D:\\Program Files\\SUMO\\bin\\sumo', '-c', '11\\iteration_011.sumocfg']
Loading configuration ... done.
Loading net-file from '11\../../bath.net.xml' ... done (234ms).
Warning: Unused states in tlLogic 'cluster_1070601793_1070601814_4316723365_5364217784', program '0' in phase 0 after tl-index 3
Warning: Unused states in tlLogic 'cluster_3577030724_3577030726_3577030733', program '0' in phase 0 after tl-index 2
Warning: Unused states in tlLogic 'cluster_443914196_4910563205_4910563207_7846562043', program '0' in phase 0 after tl-index 3
Loading additional-files from '11\dua_dump_011.add.xml' ... done (12ms).
Loading done.
Simulation version 1.10.0 started with time: 0.00
Simulation ended at time: 3891.00
Reason: All vehicles have left the simulation.
Performance: 
 Duration: 14.21s
 Real time factor: 273.783
 UPS: 42161.342527
Vehicles: 
 Inserted: 3600
 Running: 0
 Waiting: 0

-------------------------------------------------------------------------------
['D:\\Program Files\\SUMO\\bin\\duarouter', '-c', '12/iteration_012_basicTrips_011.duarcfg']
Loading configuration ... done.
Warning: No interval matches passed time 19.75 in edge '2956761'.
 Using edge's length / max speed.
Success.
-------------------------------------------------------------------------------
['D:\\Program Files\\SUMO\\bin\\sumo', '-c', '12\\iteration_012.sumocfg']
Loading configuration ... done.
Loading net-file from '12\../../bath.net.xml' ... done (236ms).
Warning: Unused states in tlLogic 'cluster_1070601793_1070601814_4316723365_5364217784', program '0' in phase 0 after tl-index 3
Warning: Unused states in tlLogic 'cluster_3577030724_3577030726_3577030733', program '0' in phase 0 after tl-index 2
Warning: Unused states in tlLogic 'cluster_443914196_4910563205_4910563207_7846562043', program '0' in phase 0 after tl-index 3
Loading additional-files from '12\dua_dump_012.add.xml' ... done (11ms).
Loading done.
Simulation version 1.10.0 started with time: 0.00
Simulation ended at time: 3898.00
Reason: All vehicles have left the simulation.
Performance: 
 Duration: 13.74s
 Real time factor: 283.718
 UPS: 43537.812068
Vehicles: 
 Inserted: 3600
 Running: 0
 Waiting: 0

-------------------------------------------------------------------------------
['D:\\Program Files\\SUMO\\bin\\duarouter', '-c', '13/iteration_013_basicTrips_012.duarcfg']
Loading configuration ... done.
Warning: No interval matches passed time 19.75 in edge '2956761'.
 Using edge's length / max speed.
Success.
-------------------------------------------------------------------------------
['D:\\Program Files\\SUMO\\bin\\sumo', '-c', '13\\iteration_013.sumocfg']
Loading configuration ... done.
Loading net-file from '13\../../bath.net.xml' ... done (197ms).
Warning: Unused states in tlLogic 'cluster_1070601793_1070601814_4316723365_5364217784', program '0' in phase 0 after tl-index 3
Warning: Unused states in tlLogic 'cluster_3577030724_3577030726_3577030733', program '0' in phase 0 after tl-index 2
Warning: Unused states in tlLogic 'cluster_443914196_4910563205_4910563207_7846562043', program '0' in phase 0 after tl-index 3
Loading additional-files from '13\dua_dump_013.add.xml' ... done (12ms).
Loading done.
Simulation version 1.10.0 started with time: 0.00
Simulation ended at time: 3900.00
Reason: All vehicles have left the simulation.
Performance: 
 Duration: 14.45s
 Real time factor: 269.859
 UPS: 41518.128979
Vehicles: 
 Inserted: 3600
 Running: 0
 Waiting: 0

-------------------------------------------------------------------------------
['D:\\Program Files\\SUMO\\bin\\duarouter', '-c', '14/iteration_014_basicTrips_013.duarcfg']
Loading configuration ... done.
Warning: No interval matches passed time 19.76 in edge '2956761'.
 Using edge's length / max speed.
Success.
-------------------------------------------------------------------------------
['D:\\Program Files\\SUMO\\bin\\sumo', '-c', '14\\iteration_014.sumocfg']
Loading configuration ... done.
Loading net-file from '14\../../bath.net.xml' ... done (244ms).
Warning: Unused states in tlLogic 'cluster_1070601793_1070601814_4316723365_5364217784', program '0' in phase 0 after tl-index 3
Warning: Unused states in tlLogic 'cluster_3577030724_3577030726_3577030733', program '0' in phase 0 after tl-index 2
Warning: Unused states in tlLogic 'cluster_443914196_4910563205_4910563207_7846562043', program '0' in phase 0 after tl-index 3
Loading additional-files from '14\dua_dump_014.add.xml' ... done (10ms).
Loading done.
Simulation version 1.10.0 started with time: 0.00
Simulation ended at time: 3901.00
Reason: All vehicles have left the simulation.
Performance: 
 Duration: 14.15s
 Real time factor: 275.67
 UPS: 42416.366335
Vehicles: 
 Inserted: 3600
 Running: 0
 Waiting: 0

