> Executing step 0
>> Running router on ../basicTrips.trips.xml
>>> Begin time: 2022-05-04 12:42:37.571547
>>> End time: 2022-05-04 12:42:38.319412
>>> Duration: 0:00:00.747865
<<
>> Running simulation
>>> Begin time: 2022-05-04 12:42:38.320413
>>> End time: 2022-05-04 12:42:46.181033
>>> Duration: 0:00:07.860620
<<
< Step 0 ended (duration: 0:00:08.609486)
------------------

> Executing step 1
>> Running router on 0\basicTrips_000.rou.alt.xml
>>> Begin time: 2022-05-04 12:42:46.183140
>>> End time: 2022-05-04 12:42:47.113318
>>> Duration: 0:00:00.930178
<<
>> Running simulation
>>> Begin time: 2022-05-04 12:42:47.113318
>>> End time: 2022-05-04 12:42:55.143666
>>> Duration: 0:00:08.030348
<<
< Step 1 ended (duration: 0:00:08.961526)
------------------

> Executing step 2
>> Running router on 1\basicTrips_001.rou.alt.xml
>>> Begin time: 2022-05-04 12:42:55.148666
>>> End time: 2022-05-04 12:42:56.165358
>>> Duration: 0:00:01.016692
<<
>> Running simulation
>>> Begin time: 2022-05-04 12:42:56.166358
>>> End time: 2022-05-04 12:43:04.107376
>>> Duration: 0:00:07.941018
<<
< Step 2 ended (duration: 0:00:08.959710)
------------------

> Executing step 3
>> Running router on 2\basicTrips_002.rou.alt.xml
>>> Begin time: 2022-05-04 12:43:04.112377
>>> End time: 2022-05-04 12:43:05.065826
>>> Duration: 0:00:00.953449
<<
>> Running simulation
>>> Begin time: 2022-05-04 12:43:05.066825
>>> End time: 2022-05-04 12:43:12.835223
>>> Duration: 0:00:07.768398
<<
< Step 3 ended (duration: 0:00:08.724848)
------------------

> Executing step 4
>> Running router on 3\basicTrips_003.rou.alt.xml
>>> Begin time: 2022-05-04 12:43:12.840225
>>> End time: 2022-05-04 12:43:13.870131
>>> Duration: 0:00:01.029906
<<
>> Running simulation
>>> Begin time: 2022-05-04 12:43:13.871134
>>> End time: 2022-05-04 12:43:21.977363
>>> Duration: 0:00:08.106229
<<
< Step 4 ended (duration: 0:00:09.139140)
------------------

> Executing step 5
>> Running router on 4\basicTrips_004.rou.alt.xml
>>> Begin time: 2022-05-04 12:43:21.982365
>>> End time: 2022-05-04 12:43:22.911111
>>> Duration: 0:00:00.928746
<<
>> Running simulation
>>> Begin time: 2022-05-04 12:43:22.911111
>>> End time: 2022-05-04 12:43:30.613240
>>> Duration: 0:00:07.702129
<<
< Step 5 ended (duration: 0:00:08.631876)
------------------

> Executing step 6
>> Running router on 5\basicTrips_005.rou.alt.xml
>>> Begin time: 2022-05-04 12:43:30.617240
>>> End time: 2022-05-04 12:43:31.670805
>>> Duration: 0:00:01.053565
<<
>> Running simulation
>>> Begin time: 2022-05-04 12:43:31.671954
>>> End time: 2022-05-04 12:43:39.766294
>>> Duration: 0:00:08.094340
<<
< Step 6 ended (duration: 0:00:09.149054)
------------------

> Executing step 7
>> Running router on 6\basicTrips_006.rou.alt.xml
>>> Begin time: 2022-05-04 12:43:39.770295
>>> End time: 2022-05-04 12:43:40.732521
>>> Duration: 0:00:00.962226
<<
>> Running simulation
>>> Begin time: 2022-05-04 12:43:40.733380
>>> End time: 2022-05-04 12:43:48.608397
>>> Duration: 0:00:07.875017
<<
< Step 7 ended (duration: 0:00:08.838102)
------------------

> Executing step 8
>> Running router on 7\basicTrips_007.rou.alt.xml
>>> Begin time: 2022-05-04 12:43:48.612397
>>> End time: 2022-05-04 12:43:49.602707
>>> Duration: 0:00:00.990310
<<
>> Running simulation
>>> Begin time: 2022-05-04 12:43:49.603703
>>> End time: 2022-05-04 12:43:57.558627
>>> Duration: 0:00:07.954924
<<
< Step 8 ended (duration: 0:00:08.948231)
------------------

> Executing step 9
>> Running router on 8\basicTrips_008.rou.alt.xml
>>> Begin time: 2022-05-04 12:43:57.563628
>>> End time: 2022-05-04 12:43:58.509884
>>> Duration: 0:00:00.946256
<<
>> Running simulation
>>> Begin time: 2022-05-04 12:43:58.510883
>>> End time: 2022-05-04 12:44:06.447216
>>> Duration: 0:00:07.936333
<<
< Step 9 ended (duration: 0:00:08.884588)
------------------

> Executing step 10
>> Running router on 9\basicTrips_009.rou.alt.xml
>>> Begin time: 2022-05-04 12:44:06.453216
>>> End time: 2022-05-04 12:44:07.538532
>>> Duration: 0:00:01.085316
<<
>> Running simulation
>>> Begin time: 2022-05-04 12:44:07.539532
>>> End time: 2022-05-04 12:44:17.705687
>>> Duration: 0:00:10.166155
<<
< Step 10 ended (duration: 0:00:11.253470)
------------------

> Executing step 11
>> Running router on 10\basicTrips_010.rou.alt.xml
>>> Begin time: 2022-05-04 12:44:17.710685
>>> End time: 2022-05-04 12:44:18.716376
>>> Duration: 0:00:01.005691
<<
>> Running simulation
>>> Begin time: 2022-05-04 12:44:18.717380
>>> End time: 2022-05-04 12:44:26.839481
>>> Duration: 0:00:08.122101
<<
< Step 11 ended (duration: 0:00:09.130798)
------------------

> Executing step 12
>> Running router on 11\basicTrips_011.rou.alt.xml
>>> Begin time: 2022-05-04 12:44:26.842483
>>> End time: 2022-05-04 12:44:27.928321
>>> Duration: 0:00:01.085838
<<
>> Running simulation
>>> Begin time: 2022-05-04 12:44:27.929321
>>> End time: 2022-05-04 12:44:35.997924
>>> Duration: 0:00:08.068603
<<
< Step 12 ended (duration: 0:00:09.156443)
------------------

> Executing step 13
>> Running router on 12\basicTrips_012.rou.alt.xml
>>> Begin time: 2022-05-04 12:44:36.002926
>>> End time: 2022-05-04 12:44:37.115412
>>> Duration: 0:00:01.112486
<<
>> Running simulation
>>> Begin time: 2022-05-04 12:44:37.116410
>>> End time: 2022-05-04 12:44:50.202063
>>> Duration: 0:00:13.085653
<<
< Step 13 ended (duration: 0:00:14.201141)
------------------

> Executing step 14
>> Running router on 13\basicTrips_013.rou.alt.xml
>>> Begin time: 2022-05-04 12:44:50.207064
>>> End time: 2022-05-04 12:44:52.103978
>>> Duration: 0:00:01.896914
<<
>> Running simulation
>>> Begin time: 2022-05-04 12:44:52.108982
>>> End time: 2022-05-04 12:45:09.110926
>>> Duration: 0:00:17.001944
<<
< Step 14 ended (duration: 0:00:18.904860)
------------------

dua-iterate ended (duration: 0:02:31.544378)
