Loading net-file from '6\../../bath.net.xml' ... done (106ms).
Warning: Unused states in tlLogic 'cluster_1070601793_1070601814_4316723365_5364217784', program '0' in phase 0 after tl-index 3
Warning: Unused states in tlLogic 'cluster_3577030724_3577030726_3577030733', program '0' in phase 0 after tl-index 2
Warning: Unused states in tlLogic 'cluster_443914196_4910563205_4910563207_7846562043', program '0' in phase 0 after tl-index 3
Loading additional-files from '6\dua_dump_006.add.xml' ... done (9ms).
Loading done.
Simulation version 1.10.0 started with time: 0.00
Warning: Teleporting vehicle '2559'; waited too long (yield), lane='39333941#4_0', time=2895.00.
Warning: Teleporting vehicle '2374'; waited too long (wrong lane), lane='8769305_1', time=2897.00.
Warning: Teleporting vehicle '2449'; waited too long (wrong lane), lane='8769305_0', time=2897.00.
Warning: Vehicle '2374' ends teleporting on edge '32751327', time 2897.00.
Warning: Vehicle '2449' ends teleporting on edge '-4231711', time 2897.00.
Warning: Vehicle '2559' ends teleporting on edge '8769305', time 2897.00.
Warning: Teleporting vehicle '3256'; waited too long (wrong lane), lane='8769305_1', time=3699.00.
Warning: Vehicle '3256' ends teleporting on edge '32751327', time 3699.00.
Warning: Teleporting vehicle '3306'; waited too long (yield), lane='39333941#4_0', time=3749.00.
Warning: Vehicle '3306' ends teleporting on edge '8769305', time 3749.00.
Simulation ended at time: 4012.00
Reason: All vehicles have left the simulation.
Performance: 
 Duration: 7.69s
 Real time factor: 521.649
 UPS: 85312.183071
Vehicles: 
 Inserted: 3600
 Running: 0
 Waiting: 0
Teleports: 5 (Yield: 2, Wrong Lane: 3)

