Loading net-file from '14\../../bath.net.xml' ... done (186ms).
Warning: Unused states in tlLogic 'cluster_1070601793_1070601814_4316723365_5364217784', program '0' in phase 0 after tl-index 3
Warning: Unused states in tlLogic 'cluster_3577030724_3577030726_3577030733', program '0' in phase 0 after tl-index 2
Warning: Unused states in tlLogic 'cluster_443914196_4910563205_4910563207_7846562043', program '0' in phase 0 after tl-index 3
Loading additional-files from '14\dua_dump_014.add.xml' ... done (14ms).
Loading done.
Simulation version 1.10.0 started with time: 0.00
Warning: Teleporting vehicle '1838'; waited too long (wrong lane), lane='gneE11_1', time=2213.00.
Warning: Vehicle '1838' ends teleporting on edge '3292445#0.4', time 2213.00.
Warning: Teleporting vehicle '1910'; waited too long (yield), lane='gneE11_1', time=2214.00.
Warning: Vehicle '1910' ends teleporting on edge 'gneE12', time 2214.00.
Warning: Teleporting vehicle '1730'; waited too long (yield), lane='gneE12_1', time=2282.00.
Warning: Vehicle '1730' ends teleporting on edge 'gneE13', time 2282.00.
Warning: Teleporting vehicle '2133'; waited too long (yield), lane='4235144#3_0', time=2526.00.
Warning: Vehicle '2133' ends teleporting on edge 'gneE11', time 2560.00.
Warning: Teleporting vehicle '1925'; waited too long (yield), lane='gneE13_1', time=2597.00.
Warning: Vehicle '1925' ends teleporting on edge 'gneE11', time 2597.00.
Warning: Teleporting vehicle '1890'; waited too long (yield), lane='gneE11_1', time=2599.00.
Warning: Vehicle '1890' ends teleporting on edge 'gneE12', time 2599.00.
Warning: Teleporting vehicle '1859'; waited too long (yield), lane='gneE12_1', time=2602.00.
Warning: Vehicle '1859' ends teleporting on edge 'gneE13', time 2602.00.
Warning: Teleporting vehicle '2291'; waited too long (yield), lane='4235144#3_0', time=2837.00.
Warning: Vehicle '2291' ends teleporting on edge 'gneE11', time 2871.00.
Warning: Teleporting vehicle '1849'; waited too long (yield), lane='gneE13_1', time=2905.00.
Warning: Vehicle '1849' ends teleporting on edge 'gneE11', time 2905.00.
Warning: Teleporting vehicle '2087'; waited too long (yield), lane='gneE12_1', time=2913.00.
Warning: Vehicle '2087' ends teleporting on edge 'gneE13', time 2913.00.
Warning: Teleporting vehicle '2180'; waited too long (yield), lane='gneE11_1', time=2915.00.
Warning: Vehicle '2180' ends teleporting on edge 'gneE12', time 2915.00.
Warning: Teleporting vehicle '2724'; waited too long (yield), lane='2955277#2_0', time=3034.00.
Warning: Teleporting vehicle '2010'; waited too long (yield), lane='gneE12_1', time=3232.00.
Warning: Vehicle '2010' ends teleporting on edge 'gneE13', time 3232.00.
Warning: Vehicle '2724' ends teleporting on edge 'gneE12', time 3232.00.
Warning: Teleporting vehicle '2214'; waited too long (jam), lane='192668650#2_0', time=3236.00.
Warning: Teleporting vehicle '2391'; waited too long (yield), lane='gneE11_1', time=3240.00.
Warning: Teleporting vehicle '1811'; waited too long (yield), lane='gneE13_1', time=3240.00.
Warning: Vehicle '1811' ends teleporting on edge 'gneE11', time 3240.00.
Warning: Teleporting vehicle '2069'; waited too long (jam), lane='192668650#3_0', time=3241.00.
Warning: Vehicle '2214' ends teleporting on edge '192668650#3', time 3241.00.
Warning: Teleporting vehicle '2333'; waited too long (jam), lane='-3292445#2_0', time=3243.00.
Warning: Teleporting vehicle '2057'; waited too long (jam), lane='192668650#3_0', time=3245.00.
Warning: Vehicle '2057' ends teleporting on edge 'gneE13', time 3247.00.
Warning: Teleporting vehicle '2894'; waited too long (jam), lane='-959553052#2_0', time=3263.00.
Warning: Vehicle '2391' ends teleporting on edge 'gneE12', time 3263.00.
Warning: Vehicle '2333' ends teleporting on edge 'gneE13', time 3267.00.
Warning: Vehicle '2069' ends teleporting on edge 'gneE11', time 3275.00.
Warning: Teleporting vehicle '2694'; waited too long (yield), lane='3024965#3_0', time=3276.00.
Warning: Vehicle '2694' teleports beyond arrival edge '192668650#3', time 3512.00.
Warning: Teleporting vehicle '2724'; waited too long (yield), lane='gneE12_1', time=3533.00.
Warning: Vehicle '2724' ends teleporting on edge 'gneE13', time 3533.00.
Warning: Vehicle '2894' ends teleporting on edge 'gneE11', time 3552.00.
Warning: Teleporting vehicle '2279'; waited too long (jam), lane='192668650#2_0', time=3556.00.
Warning: Teleporting vehicle '2860'; waited too long (jam), lane='-959553052#2_0', time=3571.00.
Warning: Teleporting vehicle '2973'; waited too long (yield), lane='2955277#2_0', time=3588.00.
Warning: Vehicle '2279' ends teleporting on edge 'gneE11', time 3661.00.
Warning: Vehicle '2973' ends teleporting on edge 'gneE12', time 3725.00.
Warning: Teleporting vehicle '2448'; waited too long (yield), lane='gneE12_1', time=3851.00.
Warning: Vehicle '2448' ends teleporting on edge '-192668650#4', time 3851.00.
Warning: Teleporting vehicle '2713'; waited too long (jam), lane='-899645883#1_0', time=3857.00.
Warning: Vehicle '2713' ends teleporting on edge 'gneE11', time 3858.00.
Warning: Teleporting vehicle '1987'; waited too long (yield), lane='gneE13_1', time=3859.00.
Warning: Vehicle '1987' ends teleporting on edge 'gneE11', time 3859.00.
Warning: Vehicle '2860' ends teleporting on edge 'gneE13', time 3859.00.
Warning: Teleporting vehicle '2057'; waited too long (yield), lane='gneE13_1', time=3860.00.
Warning: Vehicle '2057' ends teleporting on edge 'gneE11', time 3861.00.
Warning: Teleporting vehicle '3128'; waited too long (jam), lane='-899645883#4_0', time=3866.00.
Warning: Teleporting vehicle '2981'; waited too long (yield), lane='2955277#2_0', time=3893.00.
Warning: Vehicle '2981' ends teleporting on edge '-3292445#2', time 3901.00.
Warning: Teleporting vehicle '3116'; waited too long (yield), lane='3024965#3_0', time=3941.00.
Warning: Vehicle '3116' ends teleporting on edge '-34784840#1', time 3953.00.
Warning: Vehicle '3128' ends teleporting on edge 'gneE12', time 4000.00.
Warning: Teleporting vehicle '3453'; waited too long (yield), lane='4235144#3_0', time=4248.00.
Warning: Teleporting vehicle '3524'; waited too long (yield), lane='gneE11_1', time=4252.00.
Warning: Vehicle '3524' ends teleporting on edge 'gneE12', time 4252.00.
Warning: Teleporting vehicle '2343'; waited too long (jam), lane='192668650#3_0', time=4257.00.
Warning: Teleporting vehicle '3551'; waited too long (jam), lane='-899645883#4_0', time=4258.00.
Warning: Teleporting vehicle '2662'; waited too long (jam), lane='192668650#2_0', time=4262.00.
Warning: Vehicle '2343' ends teleporting on edge 'gneE13', time 4277.00.
Warning: Teleporting vehicle '3226'; waited too long (yield), lane='3024965#3_0', time=4280.00.
Warning: Vehicle '3453' ends teleporting on edge 'gneE11', time 4282.00.
Warning: Vehicle '3226' ends teleporting on edge '-34784840#1', time 4291.00.
Warning: Vehicle '2662' ends teleporting on edge 'gneE11', time 4367.00.
Warning: Vehicle '3551' ends teleporting on edge 'gneE12', time 4431.00.
Warning: Teleporting vehicle '3239'; waited too long (yield), lane='gneE12_1', time=4570.00.
Warning: Vehicle '3239' ends teleporting on edge 'gneE13', time 4570.00.
Warning: Teleporting vehicle '2489'; waited too long (jam), lane='192668650#3_0', time=4581.00.
Warning: Vehicle '2489' ends teleporting on edge 'gneE11', time 4611.00.
Warning: Teleporting vehicle '3182'; waited too long (yield), lane='gneE12_1', time=4911.00.
Warning: Vehicle '3182' ends teleporting on edge 'gneE13', time 4911.00.
Warning: Teleporting vehicle '2446'; waited too long (yield), lane='gneE13_1', time=4912.00.
Warning: Vehicle '2446' ends teleporting on edge 'gneE11', time 4912.00.
Warning: Teleporting vehicle '2710'; waited too long (jam), lane='192668650#3_0', time=4914.00.
Warning: Vehicle '2710' ends teleporting on edge 'gneE13', time 4916.00.
Warning: Teleporting vehicle '2975'; waited too long (jam), lane='192668650#2_0', time=4918.00.
Warning: Vehicle '2975' ends teleporting on edge 'gneE13', time 4962.00.
Simulation ended at time: 5292.00
Reason: All vehicles have left the simulation.
Performance: 
 Duration: 16.42s
 Real time factor: 322.368
 UPS: 52607.212476
Vehicles: 
 Inserted: 3600
 Running: 0
 Waiting: 0
Teleports: 44 (Jam: 15, Yield: 28, Wrong Lane: 1)

