Loading net-file from '8\../../bath.net.xml' ... done (104ms).
Warning: Unused states in tlLogic 'cluster_1070601793_1070601814_4316723365_5364217784', program '0' in phase 0 after tl-index 3
Warning: Unused states in tlLogic 'cluster_3577030724_3577030726_3577030733', program '0' in phase 0 after tl-index 2
Warning: Unused states in tlLogic 'cluster_443914196_4910563205_4910563207_7846562043', program '0' in phase 0 after tl-index 3
Loading additional-files from '8\dua_dump_008.add.xml' ... done (8ms).
Loading done.
Simulation version 1.10.0 started with time: 0.00
Warning: Teleporting vehicle '2217'; waited too long (wrong lane), lane='8769305_1', time=2740.00.
Warning: Vehicle '2217' ends teleporting on edge '32751327', time 2740.00.
Warning: Teleporting vehicle '2241'; waited too long (yield), lane='39333941#4_0', time=2753.00.
Warning: Vehicle '2241' ends teleporting on edge '32751327', time 2756.00.
Simulation ended at time: 3956.00
Reason: All vehicles have left the simulation.
Performance: 
 Duration: 7.57s
 Real time factor: 522.935
 UPS: 84786.649042
Vehicles: 
 Inserted: 3600
 Running: 0
 Waiting: 0
Teleports: 2 (Yield: 1, Wrong Lane: 1)

